#
# There is insufficient memory for the Java Runtime Environment to continue.
# Native memory allocation (malloc) failed to allocate 134217728 bytes for committing reserved memory.
# Possible reasons:
#   The system is out of physical RAM or swap space
#   In 32 bit mode, the process size limit was hit
# Possible solutions:
#   Reduce memory load on the system
#   Increase physical memory or swap space
#   Check if swap backing store is full
#   Use 64 bit Java on a 64 bit OS
#   Decrease Java heap size (-Xmx/-Xms)
#   Decrease number of Java threads
#   Decrease Java thread stack sizes (-Xss)
#   Set larger code cache with -XX:ReservedCodeCacheSize=
# This output file may be truncated or incomplete.
#
#  Out of Memory Error (os_linux.cpp:2827), pid=7061, tid=140564360861440
#
# JRE version: OpenJDK Runtime Environment (7.0_95) (build 1.7.0_95-b00)
# Java VM: OpenJDK 64-Bit Server VM (24.95-b01 mixed mode linux-amd64 compressed oops)
# Derivative: IcedTea 2.6.4
# Distribution: Ubuntu 14.04.3 LTS, package 7u95-2.6.4-0ubuntu0.14.04.1
# Failed to write core dump. Core dumps have been disabled. To enable core dumping, try "ulimit -c unlimited" before starting Java again
#

---------------  T H R E A D  ---------------

Current thread (0x00007fd7b8075800):  VMThread [stack: 0x00007fd7b0bc1000,0x00007fd7b0cc2000] [id=7072]

Stack: [0x00007fd7b0bc1000,0x00007fd7b0cc2000],  sp=0x00007fd7b0cc0490,  free space=1021k
Native frames: (J=compiled Java code, j=interpreted, Vv=VM code, C=native code)
V  [libjvm.so+0x9550e5]
V  [libjvm.so+0x4902b4]
V  [libjvm.so+0x7cf7bb]
V  [libjvm.so+0x7ca28f]
V  [libjvm.so+0x83e56b]
V  [libjvm.so+0x82dacb]
V  [libjvm.so+0x82dc8b]
V  [libjvm.so+0x82ebb8]
V  [libjvm.so+0x835814]
V  [libjvm.so+0x83be8d]
V  [libjvm.so+0x7f1fd3]
V  [libjvm.so+0x956ae4]
V  [libjvm.so+0x95abe7]
V  [libjvm.so+0x9596a8]
V  [libjvm.so+0x959b09]
V  [libjvm.so+0x959f52]
V  [libjvm.so+0x7cc682]

VM_Operation (0x00007fd7aa228120): ParallelGCFailedAllocation, mode: safepoint, requested by thread 0x00007fd7b8200800


---------------  P R O C E S S  ---------------

Java Threads: ( => current thread )
  0x00007fd7b8202000 JavaThread "pool-1-thread-4" [_thread_blocked, id=7084, stack(0x00007fd7aa028000,0x00007fd7aa129000)]
  0x00007fd7b8200800 JavaThread "pool-1-thread-3" [_thread_blocked, id=7083, stack(0x00007fd7aa129000,0x00007fd7aa22a000)]
  0x00007fd7b81ff000 JavaThread "pool-1-thread-2" [_thread_blocked, id=7082, stack(0x00007fd7aa22a000,0x00007fd7aa32b000)]
  0x00007fd7b81f0800 JavaThread "pool-2-thread-1" [_thread_blocked, id=7081, stack(0x00007fd7aa32b000,0x00007fd7aa42c000)]
  0x00007fd7b81ec000 JavaThread "pool-1-thread-1" [_thread_blocked, id=7080, stack(0x00007fd7aa42c000,0x00007fd7aa52d000)]
  0x00007fd7b80ae000 JavaThread "Service Thread" daemon [_thread_blocked, id=7078, stack(0x00007fd7abdfe000,0x00007fd7abeff000)]
  0x00007fd7b80ac000 JavaThread "C2 CompilerThread1" daemon [_thread_blocked, id=7077, stack(0x00007fd7abeff000,0x00007fd7ac000000)]
  0x00007fd7b80a9000 JavaThread "C2 CompilerThread0" daemon [_thread_blocked, id=7076, stack(0x00007fd7b00db000,0x00007fd7b01dc000)]
  0x00007fd7b80a7000 JavaThread "Signal Dispatcher" daemon [_thread_blocked, id=7075, stack(0x00007fd7b01dc000,0x00007fd7b02dd000)]
  0x00007fd7b807c000 JavaThread "Finalizer" daemon [_thread_blocked, id=7074, stack(0x00007fd7b09bf000,0x00007fd7b0ac0000)]
  0x00007fd7b807a000 JavaThread "Reference Handler" daemon [_thread_blocked, id=7073, stack(0x00007fd7b0ac0000,0x00007fd7b0bc1000)]
  0x00007fd7b800a800 JavaThread "main" [_thread_blocked, id=7067, stack(0x00007fd7bf2d7000,0x00007fd7bf3d8000)]

Other Threads:
=>0x00007fd7b8075800 VMThread [stack: 0x00007fd7b0bc1000,0x00007fd7b0cc2000] [id=7072]
  0x00007fd7b80b9000 WatcherThread [stack: 0x00007fd7abcfd000,0x00007fd7abdfe000] [id=7079]

VM state:at safepoint (normal execution)

VM Mutex/Monitor currently owned by a thread:  ([mutex/lock_event])
[0x00007fd7b8006340] ExpandHeap_lock - owner thread: 0x00007fd7b8075800
[0x00007fd7b80069c0] Threads_lock - owner thread: 0x00007fd7b8075800
[0x00007fd7b8006ec0] Heap_lock - owner thread: 0x00007fd7b8200800

Heap
 PSYoungGen      total 272896K, used 0K [0x00000000eaa80000, 0x0000000100000000, 0x0000000100000000)
  eden space 196096K, 0% used [0x00000000eaa80000,0x00000000eaa80000,0x00000000f6a00000)
  from space 76800K, 0% used [0x00000000f6a00000,0x00000000f6a00000,0x00000000fb500000)
  to   space 73728K, 0% used [0x00000000fb800000,0x00000000fb800000,0x0000000100000000)
 ParOldGen       total 300544K, used 290187K [0x00000000c0000000, 0x00000000d2580000, 0x00000000eaa80000)
  object space 300544K, 96% used [0x00000000c0000000,0x00000000d1b62d20,0x00000000d2580000)
 PSPermGen       total 21504K, used 6440K [0x00000000b5a00000, 0x00000000b6f00000, 0x00000000c0000000)
  object space 21504K, 29% used [0x00000000b5a00000,0x00000000b604a300,0x00000000b6f00000)

Card table byte_map: [0x00007fd7b4ba3000,0x00007fd7b4df7000] byte_map_base: 0x00007fd7b45f6000

Polling page: 0x00007fd7bf3fd000

Code Cache  [0x00007fd7b4df7000, 0x00007fd7b5207000, 0x00007fd7b7df7000)
 total_blobs=1302 nmethods=1074 adapters=182 free_code_cache=45072Kb largest_free_block=46075200

Compilation events (10 events):
Event: 22.402 Thread 0x00007fd7b80a9000 nmethod 1100 0x00007fd7b51abb90 code [0x00007fd7b51abce0, 0x00007fd7b51abe88]
Event: 22.402 Thread 0x00007fd7b80a9000 1101             com.android.dx.cf.code.Ropper::mergeAndWorkAsNecessary (102 bytes)
Event: 22.460 Thread 0x00007fd7b80a9000 nmethod 1101 0x00007fd7b51fe490 code [0x00007fd7b51fe740, 0x00007fd7b51ffa40]
Event: 22.460 Thread 0x00007fd7b80a9000 1102             com.android.dx.dex.file.ClassDataItem::addVirtualMethod (24 bytes)
Event: 22.476 Thread 0x00007fd7b80a9000 nmethod 1102 0x00007fd7b51ab550 code [0x00007fd7b51ab6c0, 0x00007fd7b51ab8f8]
Event: 22.476 Thread 0x00007fd7b80a9000 1103 %           com.android.dx.ssa.DeadCodeRemover::pruneDeadInstructions @ 26 (246 bytes)
Event: 22.533 Thread 0x00007fd7b80a9000 nmethod 1103% 0x00007fd7b51dcc50 code [0x00007fd7b51dcea0, 0x00007fd7b51dd890]
Event: 22.533 Thread 0x00007fd7b80a9000 1104 %           com.android.dx.ssa.SCCP::run @ 93 (298 bytes)
Event: 22.596 Thread 0x00007fd7b80a9000 nmethod 1104% 0x00007fd7b5203e10 code [0x00007fd7b5204100, 0x00007fd7b5204df0]
Event: 22.596 Thread 0x00007fd7b80a9000 1105             com.android.dx.ssa.back.FirstFitLocalCombiningAllocator::fitPlanForRange (250 bytes)

GC Heap History (10 events):
Event: 18.435 GC heap after
Heap after GC invocations=19 (full 3):
 PSYoungGen      total 272384K, used 52211K [0x00000000eaa80000, 0x0000000100000000, 0x0000000100000000)
  eden space 220160K, 0% used [0x00000000eaa80000,0x00000000eaa80000,0x00000000f8180000)
  from space 52224K, 99% used [0x00000000fc080000,0x00000000ff37cc08,0x00000000ff380000)
  to   space 64512K, 0% used [0x00000000f8180000,0x00000000f8180000,0x00000000fc080000)
 ParOldGen       total 180224K, used 141308K [0x00000000c0000000, 0x00000000cb000000, 0x00000000eaa80000)
  object space 180224K, 78% used [0x00000000c0000000,0x00000000c89ff3a0,0x00000000cb000000)
 PSPermGen       total 21504K, used 6378K [0x00000000b5a00000, 0x00000000b6f00000, 0x00000000c0000000)
  object space 21504K, 29% used [0x00000000b5a00000,0x00000000b603a8a0,0x00000000b6f00000)
}
Event: 19.464 GC heap before
{Heap before GC invocations=20 (full 3):
 PSYoungGen      total 272384K, used 272371K [0x00000000eaa80000, 0x0000000100000000, 0x0000000100000000)
  eden space 220160K, 100% used [0x00000000eaa80000,0x00000000f8180000,0x00000000f8180000)
  from space 52224K, 99% used [0x00000000fc080000,0x00000000ff37cc08,0x00000000ff380000)
  to   space 64512K, 0% used [0x00000000f8180000,0x00000000f8180000,0x00000000fc080000)
 ParOldGen       total 180224K, used 141308K [0x00000000c0000000, 0x00000000cb000000, 0x00000000eaa80000)
  object space 180224K, 78% used [0x00000000c0000000,0x00000000c89ff3a0,0x00000000cb000000)
 PSPermGen       total 21504K, used 6384K [0x00000000b5a00000, 0x00000000b6f00000, 0x00000000c0000000)
  object space 21504K, 29% used [0x00000000b5a00000,0x00000000b603c178,0x00000000b6f00000)
Event: 19.610 GC heap after
Heap after GC invocations=20 (full 3):
 PSYoungGen      total 257024K, used 36427K [0x00000000eaa80000, 0x0000000100000000, 0x0000000100000000)
  eden space 220160K, 0% used [0x00000000eaa80000,0x00000000eaa80000,0x00000000f8180000)
  from space 36864K, 98% used [0x00000000f8180000,0x00000000fa512d78,0x00000000fa580000)
  to   space 65536K, 0% used [0x00000000fc000000,0x00000000fc000000,0x0000000100000000)
 ParOldGen       total 194048K, used 193563K [0x00000000c0000000, 0x00000000cbd80000, 0x00000000eaa80000)
  object space 194048K, 99% used [0x00000000c0000000,0x00000000cbd06e38,0x00000000cbd80000)
 PSPermGen       total 21504K, used 6384K [0x00000000b5a00000, 0x00000000b6f00000, 0x00000000c0000000)
  object space 21504K, 29% used [0x00000000b5a00000,0x00000000b603c178,0x00000000b6f00000)
}
Event: 19.610 GC heap before
{Heap before GC invocations=21 (full 4):
 PSYoungGen      total 257024K, used 36427K [0x00000000eaa80000, 0x0000000100000000, 0x0000000100000000)
  eden space 220160K, 0% used [0x00000000eaa80000,0x00000000eaa80000,0x00000000f8180000)
  from space 36864K, 98% used [0x00000000f8180000,0x00000000fa512d78,0x00000000fa580000)
  to   space 65536K, 0% used [0x00000000fc000000,0x00000000fc000000,0x0000000100000000)
 ParOldGen       total 194048K, used 193563K [0x00000000c0000000, 0x00000000cbd80000, 0x00000000eaa80000)
  object space 194048K, 99% used [0x00000000c0000000,0x00000000cbd06e38,0x00000000cbd80000)
 PSPermGen       total 21504K, used 6384K [0x00000000b5a00000, 0x00000000b6f00000, 0x00000000c0000000)
  object space 21504K, 29% used [0x00000000b5a00000,0x00000000b603c178,0x00000000b6f00000)
Event: 20.838 GC heap after
Heap after GC invocations=21 (full 4):
 PSYoungGen      total 257024K, used 32074K [0x00000000eaa80000, 0x0000000100000000, 0x0000000100000000)
  eden space 220160K, 0% used [0x00000000eaa80000,0x00000000eaa80000,0x00000000f8180000)
  from space 36864K, 87% used [0x00000000f8180000,0x00000000fa0d2bf0,0x00000000fa580000)
  to   space 65536K, 0% used [0x00000000fc000000,0x00000000fc000000,0x0000000100000000)
 ParOldGen       total 300544K, used 193728K [0x00000000c0000000, 0x00000000d2580000, 0x00000000eaa80000)
  object space 300544K, 64% used [0x00000000c0000000,0x00000000cbd301c8,0x00000000d2580000)
 PSPermGen       total 21504K, used 6383K [0x00000000b5a00000, 0x00000000b6f00000, 0x00000000c0000000)
  object space 21504K, 29% used [0x00000000b5a00000,0x00000000b603bff8,0x00000000b6f00000)
}
Event: 21.884 GC heap before
{Heap before GC invocations=22 (full 4):
 PSYoungGen      total 257024K, used 252234K [0x00000000eaa80000, 0x0000000100000000, 0x0000000100000000)
  eden space 220160K, 100% used [0x00000000eaa80000,0x00000000f8180000,0x00000000f8180000)
  from space 36864K, 87% used [0x00000000f8180000,0x00000000fa0d2bf0,0x00000000fa580000)
  to   space 65536K, 0% used [0x00000000fc000000,0x00000000fc000000,0x0000000100000000)
 ParOldGen       total 300544K, used 193728K [0x00000000c0000000, 0x00000000d2580000, 0x00000000eaa80000)
  object space 300544K, 64% used [0x00000000c0000000,0x00000000cbd301c8,0x00000000d2580000)
 PSPermGen       total 21504K, used 6393K [0x00000000b5a00000, 0x00000000b6f00000, 0x00000000c0000000)
  object space 21504K, 29% used [0x00000000b5a00000,0x00000000b603e4b8,0x00000000b6f00000)
Event: 22.073 GC heap after
Heap after GC invocations=22 (full 4):
 PSYoungGen      total 261632K, used 65507K [0x00000000eaa80000, 0x0000000100000000, 0x0000000100000000)
  eden space 196096K, 0% used [0x00000000eaa80000,0x00000000eaa80000,0x00000000f6a00000)
  from space 65536K, 99% used [0x00000000fc000000,0x00000000ffff8f20,0x0000000100000000)
  to   space 76800K, 0% used [0x00000000f6a00000,0x00000000f6a00000,0x00000000fb500000)
 ParOldGen       total 300544K, used 194602K [0x00000000c0000000, 0x00000000d2580000, 0x00000000eaa80000)
  object space 300544K, 64% used [0x00000000c0000000,0x00000000cbe0aa00,0x00000000d2580000)
 PSPermGen       total 21504K, used 6393K [0x00000000b5a00000, 0x00000000b6f00000, 0x00000000c0000000)
  object space 21504K, 29% used [0x00000000b5a00000,0x00000000b603e4b8,0x00000000b6f00000)
}
Event: 22.717 GC heap before
{Heap before GC invocations=23 (full 4):
 PSYoungGen      total 261632K, used 261603K [0x00000000eaa80000, 0x0000000100000000, 0x0000000100000000)
  eden space 196096K, 100% used [0x00000000eaa80000,0x00000000f6a00000,0x00000000f6a00000)
  from space 65536K, 99% used [0x00000000fc000000,0x00000000ffff8f20,0x0000000100000000)
  to   space 76800K, 0% used [0x00000000f6a00000,0x00000000f6a00000,0x00000000fb500000)
 ParOldGen       total 300544K, used 194602K [0x00000000c0000000, 0x00000000d2580000, 0x00000000eaa80000)
  object space 300544K, 64% used [0x00000000c0000000,0x00000000cbe0aa00,0x00000000d2580000)
 PSPermGen       total 21504K, used 6440K [0x00000000b5a00000, 0x00000000b6f00000, 0x00000000c0000000)
  object space 21504K, 29% used [0x00000000b5a00000,0x00000000b604a320,0x00000000b6f00000)
Event: 22.905 GC heap after
Heap after GC invocations=23 (full 4):
 PSYoungGen      total 272896K, used 32160K [0x00000000eaa80000, 0x0000000100000000, 0x0000000100000000)
  eden space 196096K, 0% used [0x00000000eaa80000,0x00000000eaa80000,0x00000000f6a00000)
  from space 76800K, 41% used [0x00000000f6a00000,0x00000000f8968010,0x00000000fb500000)
  to   space 73728K, 0% used [0x00000000fb800000,0x00000000fb800000,0x0000000100000000)
 ParOldGen       total 300544K, used 260028K [0x00000000c0000000, 0x00000000d2580000, 0x00000000eaa80000)
  object space 300544K, 86% used [0x00000000c0000000,0x00000000cfdef328,0x00000000d2580000)
 PSPermGen       total 21504K, used 6440K [0x00000000b5a00000, 0x00000000b6f00000, 0x00000000c0000000)
  object space 21504K, 29% used [0x00000000b5a00000,0x00000000b604a320,0x00000000b6f00000)
}
Event: 22.905 GC heap before
{Heap before GC invocations=24 (full 5):
 PSYoungGen      total 272896K, used 32160K [0x00000000eaa80000, 0x0000000100000000, 0x0000000100000000)
  eden space 196096K, 0% used [0x00000000eaa80000,0x00000000eaa80000,0x00000000f6a00000)
  from space 76800K, 41% used [0x00000000f6a00000,0x00000000f8968010,0x00000000fb500000)
  to   space 73728K, 0% used [0x00000000fb800000,0x00000000fb800000,0x0000000100000000)
 ParOldGen       total 300544K, used 260028K [0x00000000c0000000, 0x00000000d2580000, 0x00000000eaa80000)
  object space 300544K, 86% used [0x00000000c0000000,0x00000000cfdef328,0x00000000d2580000)
 PSPermGen       total 21504K, used 6440K [0x00000000b5a00000, 0x00000000b6f00000, 0x00000000c0000000)
  object space 21504K, 29% used [0x00000000b5a00000,0x00000000b604a320,0x00000000b6f00000)

Deoptimization events (10 events):
Event: 17.700 Thread 0x00007fd7b800a800 Uncommon trap: reason=class_check action=maybe_recompile pc=0x00007fd7b4f487c8 method=com.android.dx.ssa.SCCP.replaceConstants()V @ 182
Event: 17.897 Thread 0x00007fd7b81ff000 Uncommon trap: reason=null_check action=make_not_entrant pc=0x00007fd7b50a1aa8 method=com.android.dx.cf.code.Ropper$CatchInfo.getSetup(Lcom/android/dx/rop/type/Type;)Lcom/android/dx/cf/code/Ropper$ExceptionHandlerSetup; @ 10
Event: 18.093 Thread 0x00007fd7b8200800 Uncommon trap: reason=unstable_if action=reinterpret pc=0x00007fd7b4fe0d44 method=com.android.dx.ssa.InterferenceRegisterMapper.areAnyPinned(Lcom/android/dx/rop/code/RegisterSpecList;II)Z @ 68
Event: 18.184 Thread 0x00007fd7b81ec000 Uncommon trap: reason=unstable_if action=reinterpret pc=0x00007fd7b4f17ac0 method=com.android.dx.cf.code.Merger.mergeType(Lcom/android/dx/rop/type/TypeBearer;Lcom/android/dx/rop/type/TypeBearer;)Lcom/android/dx/rop/type/TypeBearer; @ 77
Event: 18.773 Thread 0x00007fd7b8200800 Uncommon trap: reason=unloaded action=reinterpret pc=0x00007fd7b4f45cbc method=com.android.dx.ssa.SCCP.replaceBranches()V @ 110
Event: 18.774 Thread 0x00007fd7b8200800 Uncommon trap: reason=unstable_if action=reinterpret pc=0x00007fd7b4eddb18 method=com.android.dx.ssa.DeadCodeRemover.pruneDeadInstructions()V @ 49
Event: 18.895 Thread 0x00007fd7b81ec000 Uncommon trap: reason=unstable_if action=reinterpret pc=0x00007fd7b51274a0 method=java.util.TimSort.sort([Ljava/lang/Object;IILjava/util/Comparator;)V @ 34
Event: 19.018 Thread 0x00007fd7b81ec000 Uncommon trap: reason=unstable_if action=reinterpret pc=0x00007fd7b4f149ec method=com.android.dx.cf.code.Merger.mergeType(Lcom/android/dx/rop/type/TypeBearer;Lcom/android/dx/rop/type/TypeBearer;)Lcom/android/dx/rop/type/TypeBearer; @ 77
Event: 21.367 Thread 0x00007fd7b8200800 Uncommon trap: reason=unstable_if action=reinterpret pc=0x00007fd7b4f36e04 method=com.android.dx.cf.code.Merger.mergeType(Lcom/android/dx/rop/type/TypeBearer;Lcom/android/dx/rop/type/TypeBearer;)Lcom/android/dx/rop/type/TypeBearer; @ 77
Event: 22.705 Thread 0x00007fd7b8200800 Uncommon trap: reason=unstable_if action=reinterpret pc=0x00007fd7b50e4b3c method=com.android.dx.dex.cf.AttributeTranslator.getAnnotations0(Lcom/android/dx/cf/iface/AttributeList;)Lcom/android/dx/rop/annotation/Annotations; @ 42

Internal exceptions (10 events):
Event: 9.744 Thread 0x00007fd7b8200800 Threw 0x00000000eea0bd08 at /build/openjdk-7-2FOwCu/openjdk-7-7u95-2.6.4/build/openjdk/hotspot/src/share/vm/prims/jvm.cpp:1322
Event: 10.247 Thread 0x00007fd7b800a800 Implicit null exception at 0x00007fd7b4fdfa65 to 0x00007fd7b4fdb799
Event: 15.164 Thread 0x00007fd7b81ff000 Threw 0x00000000f28cf940 at /build/openjdk-7-2FOwCu/openjdk-7-7u95-2.6.4/build/openjdk/hotspot/src/share/vm/prims/jvm.cpp:1322
Event: 16.876 Thread 0x00007fd7b8200800 Implicit null exception at 0x00007fd7b5118861 to 0x00007fd7b511b01d
Event: 16.921 Thread 0x00007fd7b800a800 Threw 0x00000000f2199c98 at /build/openjdk-7-2FOwCu/openjdk-7-7u95-2.6.4/build/openjdk/hotspot/src/share/vm/prims/jvm.cpp:1322
Event: 16.956 Thread 0x00007fd7b800a800 Threw 0x00000000f219ceb8 at /build/openjdk-7-2FOwCu/openjdk-7-7u95-2.6.4/build/openjdk/hotspot/src/share/vm/prims/jvm.cpp:1322
Event: 16.966 Thread 0x00007fd7b81ec000 Threw 0x00000000f2cf5908 at /build/openjdk-7-2FOwCu/openjdk-7-7u95-2.6.4/build/openjdk/hotspot/src/share/vm/prims/jvm.cpp:1322
Event: 17.173 Thread 0x00007fd7b8202000 Implicit null exception at 0x00007fd7b4fa30fd to 0x00007fd7b4fa3c96
Event: 17.549 Thread 0x00007fd7b81ec000 Implicit null exception at 0x00007fd7b50af422 to 0x00007fd7b50af9b0
Event: 17.897 Thread 0x00007fd7b81ff000 Implicit null exception at 0x00007fd7b50a0599 to 0x00007fd7b50a1a9d

Events (10 events):
Event: 21.367 Thread 0x00007fd7b8200800 Uncommon trap: trap_request=0xffffff75 fr.pc=0x00007fd7b4f36e04
Event: 21.367 Thread 0x00007fd7b8200800 DEOPT PACKING pc=0x00007fd7b4f36e04 sp=0x00007fd7aa228050
Event: 21.367 Thread 0x00007fd7b8200800 DEOPT UNPACKING pc=0x00007fd7b4e30045 sp=0x00007fd7aa228010 mode 2
Event: 21.863 Thread 0x00007fd7b80ac000 flushing nmethod 0x00007fd7b504f410
Event: 21.884 Executing VM operation: ParallelGCFailedAllocation
Event: 22.073 Executing VM operation: ParallelGCFailedAllocation done
Event: 22.705 Thread 0x00007fd7b8200800 Uncommon trap: trap_request=0xffffff75 fr.pc=0x00007fd7b50e4b3c
Event: 22.705 Thread 0x00007fd7b8200800 DEOPT PACKING pc=0x00007fd7b50e4b3c sp=0x00007fd7aa228370
Event: 22.705 Thread 0x00007fd7b8200800 DEOPT UNPACKING pc=0x00007fd7b4e30045 sp=0x00007fd7aa228340 mode 2
Event: 22.717 Executing VM operation: ParallelGCFailedAllocation


Dynamic libraries:
00400000-00401000 r-xp 00000000 08:02 1188485                            /usr/lib/jvm/java-7-openjdk-amd64/jre/bin/java
00600000-00601000 r--p 00000000 08:02 1188485                            /usr/lib/jvm/java-7-openjdk-amd64/jre/bin/java
00601000-00602000 rw-p 00001000 08:02 1188485                            /usr/lib/jvm/java-7-openjdk-amd64/jre/bin/java
0203e000-0205f000 rw-p 00000000 00:00 0                                  [heap]
b5a00000-b6f00000 rw-p 00000000 00:00 0 
b6f00000-c0000000 rw-p 00000000 00:00 0 
c0000000-d2580000 rw-p 00000000 00:00 0 
da580000-eaa80000 rw-p 00000000 00:00 0 
eaa80000-100000000 rw-p 00000000 00:00 0 
7fd764000000-7fd764021000 rw-p 00000000 00:00 0 
7fd764021000-7fd768000000 ---p 00000000 00:00 0 
7fd768000000-7fd768021000 rw-p 00000000 00:00 0 
7fd768021000-7fd76c000000 ---p 00000000 00:00 0 
7fd76c000000-7fd76c021000 rw-p 00000000 00:00 0 
7fd76c021000-7fd770000000 ---p 00000000 00:00 0 
7fd770000000-7fd770039000 rw-p 00000000 00:00 0 
7fd770039000-7fd774000000 ---p 00000000 00:00 0 
7fd774000000-7fd774021000 rw-p 00000000 00:00 0 
7fd774021000-7fd778000000 ---p 00000000 00:00 0 
7fd778000000-7fd77804a000 rw-p 00000000 00:00 0 
7fd77804a000-7fd77c000000 ---p 00000000 00:00 0 
7fd77c000000-7fd77e595000 rw-p 00000000 00:00 0 
7fd77e595000-7fd780000000 ---p 00000000 00:00 0 
7fd780000000-7fd780021000 rw-p 00000000 00:00 0 
7fd780021000-7fd784000000 ---p 00000000 00:00 0 
7fd784000000-7fd784021000 rw-p 00000000 00:00 0 
7fd784021000-7fd788000000 ---p 00000000 00:00 0 
7fd788000000-7fd789e4d000 rw-p 00000000 00:00 0 
7fd789e4d000-7fd78c000000 ---p 00000000 00:00 0 
7fd78c000000-7fd78c021000 rw-p 00000000 00:00 0 
7fd78c021000-7fd790000000 ---p 00000000 00:00 0 
7fd790000000-7fd790021000 rw-p 00000000 00:00 0 
7fd790021000-7fd794000000 ---p 00000000 00:00 0 
7fd794000000-7fd794021000 rw-p 00000000 00:00 0 
7fd794021000-7fd798000000 ---p 00000000 00:00 0 
7fd798000000-7fd798021000 rw-p 00000000 00:00 0 
7fd798021000-7fd79c000000 ---p 00000000 00:00 0 
7fd79c000000-7fd79c021000 rw-p 00000000 00:00 0 
7fd79c021000-7fd7a0000000 ---p 00000000 00:00 0 
7fd7a4000000-7fd7a4021000 rw-p 00000000 00:00 0 
7fd7a4021000-7fd7a8000000 ---p 00000000 00:00 0 
7fd7aa028000-7fd7aa02b000 ---p 00000000 00:00 0 
7fd7aa02b000-7fd7aa129000 rw-p 00000000 00:00 0                          [stack:7084]
7fd7aa129000-7fd7aa12c000 ---p 00000000 00:00 0 
7fd7aa12c000-7fd7aa22a000 rw-p 00000000 00:00 0                          [stack:7083]
7fd7aa22a000-7fd7aa22d000 ---p 00000000 00:00 0 
7fd7aa22d000-7fd7aa32b000 rw-p 00000000 00:00 0                          [stack:7082]
7fd7aa32b000-7fd7aa32e000 ---p 00000000 00:00 0 
7fd7aa32e000-7fd7aa42c000 rw-p 00000000 00:00 0                          [stack:7081]
7fd7aa42c000-7fd7aa42f000 ---p 00000000 00:00 0 
7fd7aa42f000-7fd7aa55e000 rw-p 00000000 00:00 0                          [stack:7080]
7fd7aa55e000-7fd7aa59b000 r-xp 00000000 08:02 2625565                    /lib/x86_64-linux-gnu/libpcre.so.3.13.1
7fd7aa59b000-7fd7aa79a000 ---p 0003d000 08:02 2625565                    /lib/x86_64-linux-gnu/libpcre.so.3.13.1
7fd7aa79a000-7fd7aa79b000 r--p 0003c000 08:02 2625565                    /lib/x86_64-linux-gnu/libpcre.so.3.13.1
7fd7aa79b000-7fd7aa79c000 rw-p 0003d000 08:02 2625565                    /lib/x86_64-linux-gnu/libpcre.so.3.13.1
7fd7aa79c000-7fd7aa7a3000 r-xp 00000000 08:02 657653                     /usr/lib/x86_64-linux-gnu/libffi.so.6.0.1
7fd7aa7a3000-7fd7aa9a2000 ---p 00007000 08:02 657653                     /usr/lib/x86_64-linux-gnu/libffi.so.6.0.1
7fd7aa9a2000-7fd7aa9a3000 r--p 00006000 08:02 657653                     /usr/lib/x86_64-linux-gnu/libffi.so.6.0.1
7fd7aa9a3000-7fd7aa9a4000 rw-p 00007000 08:02 657653                     /usr/lib/x86_64-linux-gnu/libffi.so.6.0.1
7fd7aa9a4000-7fd7aa9bb000 r-xp 00000000 08:02 2625571                    /lib/x86_64-linux-gnu/libresolv-2.19.so
7fd7aa9bb000-7fd7aabbb000 ---p 00017000 08:02 2625571                    /lib/x86_64-linux-gnu/libresolv-2.19.so
7fd7aabbb000-7fd7aabbc000 r--p 00017000 08:02 2625571                    /lib/x86_64-linux-gnu/libresolv-2.19.so
7fd7aabbc000-7fd7aabbd000 rw-p 00018000 08:02 2625571                    /lib/x86_64-linux-gnu/libresolv-2.19.so
7fd7aabbd000-7fd7aabbf000 rw-p 00000000 00:00 0 
7fd7aabbf000-7fd7aabdf000 r-xp 00000000 08:02 2625680                    /lib/x86_64-linux-gnu/libselinux.so.1
7fd7aabdf000-7fd7aadde000 ---p 00020000 08:02 2625680                    /lib/x86_64-linux-gnu/libselinux.so.1
7fd7aadde000-7fd7aaddf000 r--p 0001f000 08:02 2625680                    /lib/x86_64-linux-gnu/libselinux.so.1
7fd7aaddf000-7fd7aade0000 rw-p 00020000 08:02 2625680                    /lib/x86_64-linux-gnu/libselinux.so.1
7fd7aade0000-7fd7aade2000 rw-p 00000000 00:00 0 
7fd7aade2000-7fd7aade5000 r-xp 00000000 08:02 664819                     /usr/lib/x86_64-linux-gnu/libgmodule-2.0.so.0.4002.0
7fd7aade5000-7fd7aafe4000 ---p 00003000 08:02 664819                     /usr/lib/x86_64-linux-gnu/libgmodule-2.0.so.0.4002.0
7fd7aafe4000-7fd7aafe5000 r--p 00002000 08:02 664819                     /usr/lib/x86_64-linux-gnu/libgmodule-2.0.so.0.4002.0
7fd7aafe5000-7fd7aafe6000 rw-p 00003000 08:02 664819                     /usr/lib/x86_64-linux-gnu/libgmodule-2.0.so.0.4002.0
7fd7aafe6000-7fd7ab0ec000 r-xp 00000000 08:02 2625581                    /lib/x86_64-linux-gnu/libglib-2.0.so.0.4002.0
7fd7ab0ec000-7fd7ab2eb000 ---p 00106000 08:02 2625581                    /lib/x86_64-linux-gnu/libglib-2.0.so.0.4002.0
7fd7ab2eb000-7fd7ab2ec000 r--p 00105000 08:02 2625581                    /lib/x86_64-linux-gnu/libglib-2.0.so.0.4002.0
7fd7ab2ec000-7fd7ab2ed000 rw-p 00106000 08:02 2625581                    /lib/x86_64-linux-gnu/libglib-2.0.so.0.4002.0
7fd7ab2ed000-7fd7ab2ee000 rw-p 00000000 00:00 0 
7fd7ab2ee000-7fd7ab33d000 r-xp 00000000 08:02 664835                     /usr/lib/x86_64-linux-gnu/libgobject-2.0.so.0.4002.0
7fd7ab33d000-7fd7ab53d000 ---p 0004f000 08:02 664835                     /usr/lib/x86_64-linux-gnu/libgobject-2.0.so.0.4002.0
7fd7ab53d000-7fd7ab53e000 r--p 0004f000 08:02 664835                     /usr/lib/x86_64-linux-gnu/libgobject-2.0.so.0.4002.0
7fd7ab53e000-7fd7ab53f000 rw-p 00050000 08:02 664835                     /usr/lib/x86_64-linux-gnu/libgobject-2.0.so.0.4002.0
7fd7ab53f000-7fd7ab6ab000 r-xp 00000000 08:02 664807                     /usr/lib/x86_64-linux-gnu/libgio-2.0.so.0.4002.0
7fd7ab6ab000-7fd7ab8aa000 ---p 0016c000 08:02 664807                     /usr/lib/x86_64-linux-gnu/libgio-2.0.so.0.4002.0
7fd7ab8aa000-7fd7ab8ae000 r--p 0016b000 08:02 664807                     /usr/lib/x86_64-linux-gnu/libgio-2.0.so.0.4002.0
7fd7ab8ae000-7fd7ab8b0000 rw-p 0016f000 08:02 664807                     /usr/lib/x86_64-linux-gnu/libgio-2.0.so.0.4002.0
7fd7ab8b0000-7fd7ab8b2000 rw-p 00000000 00:00 0 
7fd7ab8d3000-7fd7ab8ea000 r-xp 00000000 08:02 1188591                    /usr/lib/jvm/java-7-openjdk-amd64/jre/lib/amd64/libnet.so
7fd7ab8ea000-7fd7abae9000 ---p 00017000 08:02 1188591                    /usr/lib/jvm/java-7-openjdk-amd64/jre/lib/amd64/libnet.so
7fd7abae9000-7fd7abaea000 r--p 00016000 08:02 1188591                    /usr/lib/jvm/java-7-openjdk-amd64/jre/lib/amd64/libnet.so
7fd7abaea000-7fd7abaeb000 rw-p 00017000 08:02 1188591                    /usr/lib/jvm/java-7-openjdk-amd64/jre/lib/amd64/libnet.so
7fd7abaeb000-7fd7abafb000 r-xp 00000000 08:02 1188573                    /usr/lib/jvm/java-7-openjdk-amd64/jre/lib/amd64/libnio.so
7fd7abafb000-7fd7abcfb000 ---p 00010000 08:02 1188573                    /usr/lib/jvm/java-7-openjdk-amd64/jre/lib/amd64/libnio.so
7fd7abcfb000-7fd7abcfc000 r--p 00010000 08:02 1188573                    /usr/lib/jvm/java-7-openjdk-amd64/jre/lib/amd64/libnio.so
7fd7abcfc000-7fd7abcfd000 rw-p 00011000 08:02 1188573                    /usr/lib/jvm/java-7-openjdk-amd64/jre/lib/amd64/libnio.so
7fd7abcfd000-7fd7abcfe000 ---p 00000000 00:00 0 
7fd7abcfe000-7fd7abdfe000 rw-p 00000000 00:00 0                          [stack:7079]
7fd7abdfe000-7fd7abe01000 ---p 00000000 00:00 0 
7fd7abe01000-7fd7abeff000 rw-p 00000000 00:00 0                          [stack:7078]
7fd7abeff000-7fd7abf02000 ---p 00000000 00:00 0 
7fd7abf02000-7fd7ac000000 rw-p 00000000 00:00 0                          [stack:7077]
7fd7ac000000-7fd7ac021000 rw-p 00000000 00:00 0 
7fd7ac021000-7fd7b0000000 ---p 00000000 00:00 0 
7fd7b0019000-7fd7b00db000 r--s 00678000 08:02 4075508                    /home/sucho/Android Projects/EDGE/app/build/intermediates/transforms/proguard/debug/jars/3/1f/main.jar
7fd7b00db000-7fd7b00de000 ---p 00000000 00:00 0 
7fd7b00de000-7fd7b01dc000 rw-p 00000000 00:00 0                          [stack:7076]
7fd7b01dc000-7fd7b01df000 ---p 00000000 00:00 0 
7fd7b01df000-7fd7b02dd000 rw-p 00000000 00:00 0                          [stack:7075]
7fd7b02dd000-7fd7b09bf000 r--p 00000000 08:02 663237                     /usr/lib/locale/locale-archive
7fd7b09bf000-7fd7b09c2000 ---p 00000000 00:00 0 
7fd7b09c2000-7fd7b0ac0000 rw-p 00000000 00:00 0                          [stack:7074]
7fd7b0ac0000-7fd7b0ac3000 ---p 00000000 00:00 0 
7fd7b0ac3000-7fd7b0bc1000 rw-p 00000000 00:00 0                          [stack:7073]
7fd7b0bc1000-7fd7b0bc2000 ---p 00000000 00:00 0 
7fd7b0bc2000-7fd7b1c9e000 rw-p 00000000 00:00 0                          [stack:7072]
7fd7b1c9e000-7fd7b1e50000 r--s 01d2f000 08:02 1188557                    /usr/lib/jvm/java-7-openjdk-amd64/jre/lib/rt.jar
7fd7b1e50000-7fd7b4649000 rw-p 00000000 00:00 0 
7fd7b4649000-7fd7b464a000 ---p 00000000 00:00 0 
7fd7b464a000-7fd7b474a000 rw-p 00000000 00:00 0                          [stack:7071]
7fd7b474a000-7fd7b474b000 ---p 00000000 00:00 0 
7fd7b474b000-7fd7b484b000 rw-p 00000000 00:00 0                          [stack:7070]
7fd7b484b000-7fd7b484c000 ---p 00000000 00:00 0 
7fd7b484c000-7fd7b494c000 rw-p 00000000 00:00 0                          [stack:7069]
7fd7b494c000-7fd7b494d000 ---p 00000000 00:00 0 
7fd7b494d000-7fd7b4ae0000 rw-p 00000000 00:00 0                          [stack:7068]
7fd7b4ae0000-7fd7b4ba3000 rw-p 00000000 00:00 0 
7fd7b4ba3000-7fd7b4bae000 rw-p 00000000 00:00 0 
7fd7b4bae000-7fd7b4bf6000 rw-p 00000000 00:00 0 
7fd7b4bf6000-7fd7b4c89000 rw-p 00000000 00:00 0 
7fd7b4c89000-7fd7b4d4b000 rw-p 00000000 00:00 0 
7fd7b4d4b000-7fd7b4df6000 rw-p 00000000 00:00 0 
7fd7b4df6000-7fd7b4df7000 rw-p 00000000 00:00 0 
7fd7b4df7000-7fd7b5207000 rwxp 00000000 00:00 0 
7fd7b5207000-7fd7b7df7000 rw-p 00000000 00:00 0 
7fd7b7df7000-7fd7b7dff000 r-xp 00000000 08:02 1188566                    /usr/lib/jvm/java-7-openjdk-amd64/jre/lib/amd64/libzip.so
7fd7b7dff000-7fd7b7ffe000 ---p 00008000 08:02 1188566                    /usr/lib/jvm/java-7-openjdk-amd64/jre/lib/amd64/libzip.so
7fd7b7ffe000-7fd7b7fff000 r--p 00007000 08:02 1188566                    /usr/lib/jvm/java-7-openjdk-amd64/jre/lib/amd64/libzip.so
7fd7b7fff000-7fd7b8000000 rw-p 00008000 08:02 1188566                    /usr/lib/jvm/java-7-openjdk-amd64/jre/lib/amd64/libzip.so
7fd7b8000000-7fd7b8284000 rw-p 00000000 00:00 0 
7fd7b8284000-7fd7bc000000 ---p 00000000 00:00 0 
7fd7bc00d000-7fd7bc0d4000 rw-p 00000000 00:00 0 
7fd7bc0d4000-7fd7bc11c000 rw-p 00000000 00:00 0 
7fd7bc11c000-7fd7bc127000 r-xp 00000000 08:02 2638825                    /lib/x86_64-linux-gnu/libnss_files-2.19.so
7fd7bc127000-7fd7bc326000 ---p 0000b000 08:02 2638825                    /lib/x86_64-linux-gnu/libnss_files-2.19.so
7fd7bc326000-7fd7bc327000 r--p 0000a000 08:02 2638825                    /lib/x86_64-linux-gnu/libnss_files-2.19.so
7fd7bc327000-7fd7bc328000 rw-p 0000b000 08:02 2638825                    /lib/x86_64-linux-gnu/libnss_files-2.19.so
7fd7bc328000-7fd7bc333000 r-xp 00000000 08:02 2638817                    /lib/x86_64-linux-gnu/libnss_nis-2.19.so
7fd7bc333000-7fd7bc532000 ---p 0000b000 08:02 2638817                    /lib/x86_64-linux-gnu/libnss_nis-2.19.so
7fd7bc532000-7fd7bc533000 r--p 0000a000 08:02 2638817                    /lib/x86_64-linux-gnu/libnss_nis-2.19.so
7fd7bc533000-7fd7bc534000 rw-p 0000b000 08:02 2638817                    /lib/x86_64-linux-gnu/libnss_nis-2.19.so
7fd7bc534000-7fd7bc54b000 r-xp 00000000 08:02 2638720                    /lib/x86_64-linux-gnu/libnsl-2.19.so
7fd7bc54b000-7fd7bc74a000 ---p 00017000 08:02 2638720                    /lib/x86_64-linux-gnu/libnsl-2.19.so
7fd7bc74a000-7fd7bc74b000 r--p 00016000 08:02 2638720                    /lib/x86_64-linux-gnu/libnsl-2.19.so
7fd7bc74b000-7fd7bc74c000 rw-p 00017000 08:02 2638720                    /lib/x86_64-linux-gnu/libnsl-2.19.so
7fd7bc74c000-7fd7bc74e000 rw-p 00000000 00:00 0 
7fd7bc74e000-7fd7bc757000 r-xp 00000000 08:02 2634308                    /lib/x86_64-linux-gnu/libnss_compat-2.19.so
7fd7bc757000-7fd7bc956000 ---p 00009000 08:02 2634308                    /lib/x86_64-linux-gnu/libnss_compat-2.19.so
7fd7bc956000-7fd7bc957000 r--p 00008000 08:02 2634308                    /lib/x86_64-linux-gnu/libnss_compat-2.19.so
7fd7bc957000-7fd7bc958000 rw-p 00009000 08:02 2634308                    /lib/x86_64-linux-gnu/libnss_compat-2.19.so
7fd7bc958000-7fd7bc983000 r-xp 00000000 08:02 1188587                    /usr/lib/jvm/java-7-openjdk-amd64/jre/lib/amd64/libjava.so
7fd7bc983000-7fd7bcb83000 ---p 0002b000 08:02 1188587                    /usr/lib/jvm/java-7-openjdk-amd64/jre/lib/amd64/libjava.so
7fd7bcb83000-7fd7bcb84000 r--p 0002b000 08:02 1188587                    /usr/lib/jvm/java-7-openjdk-amd64/jre/lib/amd64/libjava.so
7fd7bcb84000-7fd7bcb86000 rw-p 0002c000 08:02 1188587                    /usr/lib/jvm/java-7-openjdk-amd64/jre/lib/amd64/libjava.so
7fd7bcb86000-7fd7bcb96000 r-xp 00000000 08:02 1188571                    /usr/lib/jvm/java-7-openjdk-amd64/jre/lib/amd64/libverify.so
7fd7bcb96000-7fd7bcd95000 ---p 00010000 08:02 1188571                    /usr/lib/jvm/java-7-openjdk-amd64/jre/lib/amd64/libverify.so
7fd7bcd95000-7fd7bcd97000 r--p 0000f000 08:02 1188571                    /usr/lib/jvm/java-7-openjdk-amd64/jre/lib/amd64/libverify.so
7fd7bcd97000-7fd7bcd98000 rw-p 00011000 08:02 1188571                    /usr/lib/jvm/java-7-openjdk-amd64/jre/lib/amd64/libverify.so
7fd7bcd98000-7fd7bcd9f000 r-xp 00000000 08:02 2638821                    /lib/x86_64-linux-gnu/librt-2.19.so
7fd7bcd9f000-7fd7bcf9e000 ---p 00007000 08:02 2638821                    /lib/x86_64-linux-gnu/librt-2.19.so
7fd7bcf9e000-7fd7bcf9f000 r--p 00006000 08:02 2638821                    /lib/x86_64-linux-gnu/librt-2.19.so
7fd7bcf9f000-7fd7bcfa0000 rw-p 00007000 08:02 2638821                    /lib/x86_64-linux-gnu/librt-2.19.so
7fd7bcfa0000-7fd7bcfb6000 r-xp 00000000 08:02 2625603                    /lib/x86_64-linux-gnu/libgcc_s.so.1
7fd7bcfb6000-7fd7bd1b5000 ---p 00016000 08:02 2625603                    /lib/x86_64-linux-gnu/libgcc_s.so.1
7fd7bd1b5000-7fd7bd1b6000 rw-p 00015000 08:02 2625603                    /lib/x86_64-linux-gnu/libgcc_s.so.1
7fd7bd1b6000-7fd7bd2bb000 r-xp 00000000 08:02 2625650                    /lib/x86_64-linux-gnu/libm-2.19.so
7fd7bd2bb000-7fd7bd4ba000 ---p 00105000 08:02 2625650                    /lib/x86_64-linux-gnu/libm-2.19.so
7fd7bd4ba000-7fd7bd4bb000 r--p 00104000 08:02 2625650                    /lib/x86_64-linux-gnu/libm-2.19.so
7fd7bd4bb000-7fd7bd4bc000 rw-p 00105000 08:02 2625650                    /lib/x86_64-linux-gnu/libm-2.19.so
7fd7bd4bc000-7fd7bd5a2000 r-xp 00000000 08:02 655471                     /usr/lib/x86_64-linux-gnu/libstdc++.so.6.0.19
7fd7bd5a2000-7fd7bd7a1000 ---p 000e6000 08:02 655471                     /usr/lib/x86_64-linux-gnu/libstdc++.so.6.0.19
7fd7bd7a1000-7fd7bd7a9000 r--p 000e5000 08:02 655471                     /usr/lib/x86_64-linux-gnu/libstdc++.so.6.0.19
7fd7bd7a9000-7fd7bd7ab000 rw-p 000ed000 08:02 655471                     /usr/lib/x86_64-linux-gnu/libstdc++.so.6.0.19
7fd7bd7ab000-7fd7bd7c0000 rw-p 00000000 00:00 0 
7fd7bd7c0000-7fd7be2e5000 r-xp 00000000 08:02 1188567                    /usr/lib/jvm/java-7-openjdk-amd64/jre/lib/amd64/server/libjvm.so
7fd7be2e5000-7fd7be4e5000 ---p 00b25000 08:02 1188567                    /usr/lib/jvm/java-7-openjdk-amd64/jre/lib/amd64/server/libjvm.so
7fd7be4e5000-7fd7be57f000 r--p 00b25000 08:02 1188567                    /usr/lib/jvm/java-7-openjdk-amd64/jre/lib/amd64/server/libjvm.so
7fd7be57f000-7fd7be5a2000 rw-p 00bbf000 08:02 1188567                    /usr/lib/jvm/java-7-openjdk-amd64/jre/lib/amd64/server/libjvm.so
7fd7be5a2000-7fd7be5d0000 rw-p 00000000 00:00 0 
7fd7be5d0000-7fd7be5e8000 r-xp 00000000 08:02 2625713                    /lib/x86_64-linux-gnu/libz.so.1.2.8
7fd7be5e8000-7fd7be7e7000 ---p 00018000 08:02 2625713                    /lib/x86_64-linux-gnu/libz.so.1.2.8
7fd7be7e7000-7fd7be7e8000 r--p 00017000 08:02 2625713                    /lib/x86_64-linux-gnu/libz.so.1.2.8
7fd7be7e8000-7fd7be7e9000 rw-p 00018000 08:02 2625713                    /lib/x86_64-linux-gnu/libz.so.1.2.8
7fd7be7e9000-7fd7be802000 r-xp 00000000 08:02 2638721                    /lib/x86_64-linux-gnu/libpthread-2.19.so
7fd7be802000-7fd7bea01000 ---p 00019000 08:02 2638721                    /lib/x86_64-linux-gnu/libpthread-2.19.so
7fd7bea01000-7fd7bea02000 r--p 00018000 08:02 2638721                    /lib/x86_64-linux-gnu/libpthread-2.19.so
7fd7bea02000-7fd7bea03000 rw-p 00019000 08:02 2638721                    /lib/x86_64-linux-gnu/libpthread-2.19.so
7fd7bea03000-7fd7bea07000 rw-p 00000000 00:00 0 
7fd7bea07000-7fd7bea0a000 r-xp 00000000 08:02 2634266                    /lib/x86_64-linux-gnu/libdl-2.19.so
7fd7bea0a000-7fd7bec09000 ---p 00003000 08:02 2634266                    /lib/x86_64-linux-gnu/libdl-2.19.so
7fd7bec09000-7fd7bec0a000 r--p 00002000 08:02 2634266                    /lib/x86_64-linux-gnu/libdl-2.19.so
7fd7bec0a000-7fd7bec0b000 rw-p 00003000 08:02 2634266                    /lib/x86_64-linux-gnu/libdl-2.19.so
7fd7bec0b000-7fd7bedc6000 r-xp 00000000 08:02 2638822                    /lib/x86_64-linux-gnu/libc-2.19.so
7fd7bedc6000-7fd7befc5000 ---p 001bb000 08:02 2638822                    /lib/x86_64-linux-gnu/libc-2.19.so
7fd7befc5000-7fd7befc9000 r--p 001ba000 08:02 2638822                    /lib/x86_64-linux-gnu/libc-2.19.so
7fd7befc9000-7fd7befcb000 rw-p 001be000 08:02 2638822                    /lib/x86_64-linux-gnu/libc-2.19.so
7fd7befcb000-7fd7befd0000 rw-p 00000000 00:00 0 
7fd7befd0000-7fd7befdd000 r-xp 00000000 08:02 1188561                    /usr/lib/jvm/java-7-openjdk-amd64/jre/lib/amd64/jli/libjli.so
7fd7befdd000-7fd7bf1dc000 ---p 0000d000 08:02 1188561                    /usr/lib/jvm/java-7-openjdk-amd64/jre/lib/amd64/jli/libjli.so
7fd7bf1dc000-7fd7bf1dd000 r--p 0000c000 08:02 1188561                    /usr/lib/jvm/java-7-openjdk-amd64/jre/lib/amd64/jli/libjli.so
7fd7bf1dd000-7fd7bf1de000 rw-p 0000d000 08:02 1188561                    /usr/lib/jvm/java-7-openjdk-amd64/jre/lib/amd64/jli/libjli.so
7fd7bf1de000-7fd7bf201000 r-xp 00000000 08:02 2638722                    /lib/x86_64-linux-gnu/ld-2.19.so
7fd7bf208000-7fd7bf217000 r--s 000df000 08:02 3162770                    /home/sucho/Android/Sdk/build-tools/23.0.2/lib/dx.jar
7fd7bf217000-7fd7bf228000 rw-p 00000000 00:00 0 
7fd7bf228000-7fd7bf2d7000 rw-p 00000000 00:00 0 
7fd7bf2d7000-7fd7bf2da000 ---p 00000000 00:00 0 
7fd7bf2da000-7fd7bf3dd000 rw-p 00000000 00:00 0                          [stack:7067]
7fd7bf3df000-7fd7bf3e0000 rw-p 00000000 00:00 0 
7fd7bf3e0000-7fd7bf3e4000 r--s 0003c000 08:02 1188599                    /usr/lib/jvm/java-7-openjdk-amd64/jre/lib/ext/sunpkcs11.jar
7fd7bf3e4000-7fd7bf3e6000 r--s 00012000 08:02 1188598                    /usr/lib/jvm/java-7-openjdk-amd64/jre/lib/ext/zipfs.jar
7fd7bf3e6000-7fd7bf3e8000 r--s 00006000 08:02 1061141                    /usr/share/java/java-atk-wrapper.jar
7fd7bf3e8000-7fd7bf3ec000 r--s 00034000 08:02 1188597                    /usr/lib/jvm/java-7-openjdk-amd64/jre/lib/ext/sunjce_provider.jar
7fd7bf3ec000-7fd7bf3f0000 r--s 00085000 08:02 1188596                    /usr/lib/jvm/java-7-openjdk-amd64/jre/lib/ext/localedata.jar
7fd7bf3f0000-7fd7bf3f1000 r--s 00002000 08:02 1188600                    /usr/lib/jvm/java-7-openjdk-amd64/jre/lib/ext/dnsns.jar
7fd7bf3f1000-7fd7bf3f4000 r--s 0000f000 08:02 1188601                    /usr/lib/jvm/java-7-openjdk-amd64/jre/lib/ext/icedtea-sound.jar
7fd7bf3f4000-7fd7bf3fc000 rw-s 00000000 08:02 1600408                    /tmp/hsperfdata_sucho/7061
7fd7bf3fc000-7fd7bf3fd000 rw-p 00000000 00:00 0 
7fd7bf3fd000-7fd7bf3fe000 ---p 00000000 00:00 0 
7fd7bf3fe000-7fd7bf400000 rw-p 00000000 00:00 0 
7fd7bf400000-7fd7bf401000 r--p 00022000 08:02 2638722                    /lib/x86_64-linux-gnu/ld-2.19.so
7fd7bf401000-7fd7bf402000 rw-p 00023000 08:02 2638722                    /lib/x86_64-linux-gnu/ld-2.19.so
7fd7bf402000-7fd7bf403000 rw-p 00000000 00:00 0 
7ffee8b90000-7ffee8bb1000 rw-p 00000000 00:00 0                          [stack]
7ffee8be3000-7ffee8be5000 r-xp 00000000 00:00 0                          [vdso]
7ffee8be5000-7ffee8be7000 r--p 00000000 00:00 0                          [vvar]
ffffffffff600000-ffffffffff601000 r-xp 00000000 00:00 0                  [vsyscall]

VM Arguments:
jvm_args: -Djava.awt.headless=true -Xmx1024M -Dfile.encoding=UTF-8 -Duser.country=IN -Duser.language=en -Duser.variant 
java_command: com.android.dx.command.Main --dex --num-threads=4 --output /home/sucho/Android Projects/EDGE/app/build/intermediates/transforms/dex/debug/folders/1000/1f/main /home/sucho/Android Projects/EDGE/app/build/intermediates/transforms/proguard/debug/jars/3/1f/main.jar
Launcher Type: SUN_STANDARD

Environment Variables:
PATH=/usr/local/sbin:/usr/local/bin:/usr/sbin:/usr/bin:/sbin:/bin:/usr/games:/usr/local/games
USERNAME=sucho
LD_LIBRARY_PATH=/home/sucho/Applications/android-studio/bin:
SHELL=/bin/bash
DISPLAY=:0

Signal Handlers:
SIGSEGV: [libjvm.so+0x955bc0], sa_mask[0]=0x7ffbfeff, sa_flags=0x10000004
SIGBUS: [libjvm.so+0x955bc0], sa_mask[0]=0x7ffbfeff, sa_flags=0x10000004
SIGFPE: [libjvm.so+0x7caff0], sa_mask[0]=0x7ffbfeff, sa_flags=0x10000004
SIGPIPE: [libjvm.so+0x7caff0], sa_mask[0]=0x7ffbfeff, sa_flags=0x10000004
SIGXFSZ: [libjvm.so+0x7caff0], sa_mask[0]=0x7ffbfeff, sa_flags=0x10000004
SIGILL: [libjvm.so+0x7caff0], sa_mask[0]=0x7ffbfeff, sa_flags=0x10000004
SIGUSR1: SIG_DFL, sa_mask[0]=0x00000000, sa_flags=0x00000000
SIGUSR2: [libjvm.so+0x7cae90], sa_mask[0]=0x00000004, sa_flags=0x10000004
SIGHUP: [libjvm.so+0x7cb070], sa_mask[0]=0x7ffbfeff, sa_flags=0x10000004
SIGINT: [libjvm.so+0x7cb070], sa_mask[0]=0x7ffbfeff, sa_flags=0x10000004
SIGTERM: [libjvm.so+0x7cb070], sa_mask[0]=0x7ffbfeff, sa_flags=0x10000004
SIGQUIT: [libjvm.so+0x7cb070], sa_mask[0]=0x7ffbfeff, sa_flags=0x10000004
SIGTRAP: SIG_DFL, sa_mask[0]=0x00000000, sa_flags=0x00000000


---------------  S Y S T E M  ---------------

OS:Ubuntu 14.04 (trusty)
uname:Linux 3.16.0-62-generic #83~14.04.1-Ubuntu SMP Fri Feb 26 22:52:39 UTC 2016 x86_64
libc:glibc 2.19 NPTL 2.19 
rlimit: STACK 8192k, CORE 0k, NPROC 11414, NOFILE 4096, AS infinity
load average:2.22 0.75 0.60

/proc/meminfo:
MemTotal:        2943488 kB
MemFree:           73516 kB
MemAvailable:      41080 kB
Buffers:            1812 kB
Cached:            92916 kB
SwapCached:            0 kB
Active:          2672164 kB
Inactive:          66424 kB
Active(anon):    2661044 kB
Inactive(anon):    59300 kB
Active(file):      11120 kB
Inactive(file):     7124 kB
Unevictable:         180 kB
Mlocked:             180 kB
SwapTotal:             0 kB
SwapFree:              0 kB
Dirty:                48 kB
Writeback:             0 kB
AnonPages:       2644280 kB
Mapped:            57104 kB
Shmem:             76148 kB
Slab:              55172 kB
SReclaimable:      29504 kB
SUnreclaim:        25668 kB
KernelStack:        7056 kB
PageTables:        28460 kB
NFS_Unstable:          0 kB
Bounce:                0 kB
WritebackTmp:          0 kB
CommitLimit:     1471744 kB
Committed_AS:    4536488 kB
VmallocTotal:   34359738367 kB
VmallocUsed:      543720 kB
VmallocChunk:   34359184860 kB
HardwareCorrupted:     0 kB
AnonHugePages:   1392640 kB
HugePages_Total:       0
HugePages_Free:        0
HugePages_Rsvd:        0
HugePages_Surp:        0
Hugepagesize:       2048 kB
DirectMap4k:       52304 kB
DirectMap2M:     2953216 kB


CPU:total 4 (2 cores per cpu, 2 threads per core) family 6 model 37 stepping 2, cmov, cx8, fxsr, mmx, sse, sse2, sse3, ssse3, sse4.1, sse4.2, popcnt, ht, tsc, tscinvbit

/proc/cpuinfo:
processor	: 0
vendor_id	: GenuineIntel
cpu family	: 6
model		: 37
model name	: Intel(R) Core(TM) i3 CPU       M 350  @ 2.27GHz
stepping	: 2
microcode	: 0x9
cpu MHz		: 1995.000
cache size	: 3072 KB
physical id	: 0
siblings	: 4
core id		: 0
cpu cores	: 2
apicid		: 0
initial apicid	: 0
fpu		: yes
fpu_exception	: yes
cpuid level	: 11
wp		: yes
flags		: fpu vme de pse tsc msr pae mce cx8 apic sep mtrr pge mca cmov pat pse36 clflush dts acpi mmx fxsr sse sse2 ss ht tm pbe syscall nx rdtscp lm constant_tsc arch_perfmon pebs bts rep_good nopl xtopology nonstop_tsc aperfmperf pni dtes64 monitor ds_cpl vmx est tm2 ssse3 cx16 xtpr pdcm sse4_1 sse4_2 popcnt lahf_lm arat dtherm tpr_shadow vnmi flexpriority ept vpid
bogomips	: 4521.66
clflush size	: 64
cache_alignment	: 64
address sizes	: 36 bits physical, 48 bits virtual
power management:

processor	: 1
vendor_id	: GenuineIntel
cpu family	: 6
model		: 37
model name	: Intel(R) Core(TM) i3 CPU       M 350  @ 2.27GHz
stepping	: 2
microcode	: 0x9
cpu MHz		: 2261.000
cache size	: 3072 KB
physical id	: 0
siblings	: 4
core id		: 2
cpu cores	: 2
apicid		: 4
initial apicid	: 4
fpu		: yes
fpu_exception	: yes
cpuid level	: 11
wp		: yes
flags		: fpu vme de pse tsc msr pae mce cx8 apic sep mtrr pge mca cmov pat pse36 clflush dts acpi mmx fxsr sse sse2 ss ht tm pbe syscall nx rdtscp lm constant_tsc arch_perfmon pebs bts rep_good nopl xtopology nonstop_tsc aperfmperf pni dtes64 monitor ds_cpl vmx est tm2 ssse3 cx16 xtpr pdcm sse4_1 sse4_2 popcnt lahf_lm arat dtherm tpr_shadow vnmi flexpriority ept vpid
bogomips	: 4521.66
clflush size	: 64
cache_alignment	: 64
address sizes	: 36 bits physical, 48 bits virtual
power management:

processor	: 2
vendor_id	: GenuineIntel
cpu family	: 6
model		: 37
model name	: Intel(R) Core(TM) i3 CPU       M 350  @ 2.27GHz
stepping	: 2
microcode	: 0x9
cpu MHz		: 931.000
cache size	: 3072 KB
physical id	: 0
siblings	: 4
core id		: 0
cpu cores	: 2
apicid		: 1
initial apicid	: 1
fpu		: yes
fpu_exception	: yes
cpuid level	: 11
wp		: yes
flags		: fpu vme de pse tsc msr pae mce cx8 apic sep mtrr pge mca cmov pat pse36 clflush dts acpi mmx fxsr sse sse2 ss ht tm pbe syscall nx rdtscp lm constant_tsc arch_perfmon pebs bts rep_good nopl xtopology nonstop_tsc aperfmperf pni dtes64 monitor ds_cpl vmx est tm2 ssse3 cx16 xtpr pdcm sse4_1 sse4_2 popcnt lahf_lm arat dtherm tpr_shadow vnmi flexpriority ept vpid
bogomips	: 4521.66
clflush size	: 64
cache_alignment	: 64
address sizes	: 36 bits physical, 48 bits virtual
power management:

processor	: 3
vendor_id	: GenuineIntel
cpu family	: 6
model		: 37
model name	: Intel(R) Core(TM) i3 CPU       M 350  @ 2.27GHz
stepping	: 2
microcode	: 0x9
cpu MHz		: 2261.000
cache size	: 3072 KB
physical id	: 0
siblings	: 4
core id		: 2
cpu cores	: 2
apicid		: 5
initial apicid	: 5
fpu		: yes
fpu_exception	: yes
cpuid level	: 11
wp		: yes
flags		: fpu vme de pse tsc msr pae mce cx8 apic sep mtrr pge mca cmov pat pse36 clflush dts acpi mmx fxsr sse sse2 ss ht tm pbe syscall nx rdtscp lm constant_tsc arch_perfmon pebs bts rep_good nopl xtopology nonstop_tsc aperfmperf pni dtes64 monitor ds_cpl vmx est tm2 ssse3 cx16 xtpr pdcm sse4_1 sse4_2 popcnt lahf_lm arat dtherm tpr_shadow vnmi flexpriority ept vpid
bogomips	: 4521.66
clflush size	: 64
cache_alignment	: 64
address sizes	: 36 bits physical, 48 bits virtual
power management:



Memory: 4k page, physical 2943488k(73516k free), swap 0k(0k free)

vm_info: OpenJDK 64-Bit Server VM (24.95-b01) for linux-amd64 JRE (1.7.0_95-b00), built on Jan 21 2016 03:31:40 by "buildd" with gcc 4.8.4

time: Mon Mar 21 14:47:43 2016
elapsed time: 24 seconds

